<?xml version="1.0" encoding="UTF-8"?>
<!-- Generated by org.testng.reporters.JUnitReportReporter -->
<testsuite hostname="DELL-INSPIRON-7560" failures="0" tests="6" name="bdd.automation.runners.TestRunner" time="110.049" errors="0" timestamp="2023-02-19T21:29:15 IST" skipped="0">
  <testcase classname="bdd.automation.runners.TestRunner" name="runScenario" time="0.716"/>
  <system-out/>
  <testcase classname="bdd.automation.runners.TestRunner" name="runScenario" time="0.714"/>
  <system-out/>
  <testcase classname="bdd.automation.runners.TestRunner" name="runScenario" time="22.122"/>
  <system-out/>
  <testcase classname="bdd.automation.runners.TestRunner" name="runScenario" time="24.263"/>
  <system-out/>
  <testcase classname="bdd.automation.runners.TestRunner" name="runScenario" time="24.275"/>
  <system-out/>
  <testcase classname="bdd.automation.runners.TestRunner" name="runScenario" time="37.959"/>
  <system-out/>
</testsuite> <!-- bdd.automation.runners.TestRunner -->
